<?xml version="1.0" encoding="UTF-8"?>
<!-- Generated by org.testng.reporters.JUnitReportReporter -->
<testsuite hostname="DESKTOP-IFU8NPD" failures="0" tests="7" name="petTests.PetTests" time="9.147" errors="0" timestamp="2022-08-26T00:21:02 TRT" skipped="0">
  <testcase classname="petTests.PetTests" name="uploadPetImage" time="1.678"/>
  <system-out/>
  <testcase classname="petTests.PetTests" name="findPetByStatus" time="1.237"/>
  <system-out/>
  <testcase classname="petTests.PetTests" name="deletePet" time="0.781"/>
  <system-out/>
  <testcase classname="petTests.PetTests" name="updatePet" time="0.876"/>
  <system-out/>
  <testcase classname="petTests.PetTests" name="updatePetWithFormData" time="0.804"/>
  <system-out/>
  <testcase classname="petTests.PetTests" name="addNewPet" time="3.003"/>
  <system-out/>
  <testcase classname="petTests.PetTests" name="getPetById" time="0.768"/>
  <system-out/>
</testsuite> <!-- petTests.PetTests -->
