<?xml version="1.0" encoding="UTF-8"?>
<!-- Generated by org.testng.reporters.JUnitReportReporter -->
<testsuite hostname="DESKTOP-IFU8NPD" failures="0" tests="5" name="userTests.UserTests" time="3.747" errors="0" timestamp="2022-08-26T00:21:02 TRT" skipped="0">
  <testcase classname="userTests.UserTests" name="postCreateUserFromList" time="0.739"/>
  <system-out/>
  <testcase classname="userTests.UserTests" name="getUserLogin" time="0.736"/>
  <system-out/>
  <testcase classname="userTests.UserTests" name="postCreateUser" time="0.772"/>
  <system-out/>
  <testcase classname="userTests.UserTests" name="getUserLogout" time="0.760"/>
  <system-out/>
  <testcase classname="userTests.UserTests" name="getUserByUserName" time="0.740"/>
  <system-out/>
</testsuite> <!-- userTests.UserTests -->
