<?xml version="1.0" encoding="UTF-8"?>
<!-- Generated by org.testng.reporters.JUnitReportReporter -->
<testsuite hostname="DESKTOP-IFU8NPD" failures="0" tests="4" name="storeTests.StoreTests" time="3.142" errors="0" timestamp="2022-08-26T00:21:02 TRT" skipped="0">
  <testcase classname="storeTests.StoreTests" name="placeOrder" time="0.818"/>
  <system-out/>
  <testcase classname="storeTests.StoreTests" name="deleteOrderById" time="0.795"/>
  <system-out/>
  <testcase classname="storeTests.StoreTests" name="getInventory" time="0.752"/>
  <system-out/>
  <testcase classname="storeTests.StoreTests" name="getOrderById" time="0.777"/>
  <system-out/>
</testsuite> <!-- storeTests.StoreTests -->
